  Traceroute.cpp
c:\users\jared\documents\visual studio 2015\projects\traceroute\traceroute\dnsthreading.h(42): warning C4996: 'gethostbyaddr': Use getnameinfo() or GetNameInfoW() instead or define _WINSOCK_DEPRECATED_NO_WARNINGS to disable deprecated API warnings
  c:\program files (x86)\windows kits\8.1\include\um\winsock2.h(2216): note: see declaration of 'gethostbyaddr'
c:\users\jared\documents\visual studio 2015\projects\traceroute\traceroute\traceroute.cpp(4): warning C4244: '=': conversion from 'DWORD' to 'u_short', possible loss of data
c:\users\jared\documents\visual studio 2015\projects\traceroute\traceroute\traceroute.cpp(75): warning C4996: 'inet_addr': Use inet_pton() or InetPton() instead or define _WINSOCK_DEPRECATED_NO_WARNINGS to disable deprecated API warnings
  c:\program files (x86)\windows kits\8.1\include\um\winsock2.h(1850): note: see declaration of 'inet_addr'
c:\users\jared\documents\visual studio 2015\projects\traceroute\traceroute\traceroute.cpp(79): warning C4996: 'gethostbyname': Use getaddrinfo() or GetAddrInfoW() instead or define _WINSOCK_DEPRECATED_NO_WARNINGS to disable deprecated API warnings
  c:\program files (x86)\windows kits\8.1\include\um\winsock2.h(2238): note: see declaration of 'gethostbyname'
c:\users\jared\documents\visual studio 2015\projects\traceroute\traceroute\traceroute.cpp(101): warning C4996: 'inet_ntoa': Use inet_ntop() or InetNtop() instead or define _WINSOCK_DEPRECATED_NO_WARNINGS to disable deprecated API warnings
  c:\program files (x86)\windows kits\8.1\include\um\winsock2.h(1868): note: see declaration of 'inet_ntoa'
c:\users\jared\documents\visual studio 2015\projects\traceroute\traceroute\traceroute.cpp(81): warning C4101: 'e': unreferenced local variable
c:\users\jared\documents\visual studio 2015\projects\traceroute\traceroute\traceroute.cpp(108): warning C4996: 'inet_addr': Use inet_pton() or InetPton() instead or define _WINSOCK_DEPRECATED_NO_WARNINGS to disable deprecated API warnings
  c:\program files (x86)\windows kits\8.1\include\um\winsock2.h(1850): note: see declaration of 'inet_addr'
c:\users\jared\documents\visual studio 2015\projects\traceroute\traceroute\traceroute.cpp(140): warning C4996: 'inet_addr': Use inet_pton() or InetPton() instead or define _WINSOCK_DEPRECATED_NO_WARNINGS to disable deprecated API warnings
  c:\program files (x86)\windows kits\8.1\include\um\winsock2.h(1850): note: see declaration of 'inet_addr'
c:\users\jared\documents\visual studio 2015\projects\traceroute\traceroute\traceroute.cpp(282): warning C4477: 'printf' : format string '%d' requires an argument of type 'int', but variadic argument 1 has type 'int (__cdecl *)(void)'
c:\users\jared\documents\visual studio 2015\projects\traceroute\traceroute\traceroute.cpp(282): warning C4313: 'printf': '%d' in format string conflicts with argument 1 of type 'int (__cdecl *)(void)'
c:\users\jared\documents\visual studio 2015\projects\traceroute\traceroute\traceroute.cpp(387): warning C4996: 'sprintf': This function or variable may be unsafe. Consider using sprintf_s instead. To disable deprecation, use _CRT_SECURE_NO_WARNINGS. See online help for details.
  c:\program files (x86)\windows kits\10\include\10.0.10240.0\ucrt\stdio.h(1769): note: see declaration of 'sprintf'
c:\users\jared\documents\visual studio 2015\projects\traceroute\traceroute\traceroute.cpp(406): warning C4805: '==': unsafe mix of type 'boolean' and type 'bool' in operation
c:\users\jared\documents\visual studio 2015\projects\traceroute\traceroute\traceroute.cpp(421): warning C4244: '=': conversion from 'double' to 'int', possible loss of data
c:\users\jared\documents\visual studio 2015\projects\traceroute\traceroute\traceroute.cpp(424): warning C4244: '=': conversion from 'double' to 'int', possible loss of data
c:\users\jared\documents\visual studio 2015\projects\traceroute\traceroute\traceroute.cpp(613): warning C4996: 'sprintf': This function or variable may be unsafe. Consider using sprintf_s instead. To disable deprecation, use _CRT_SECURE_NO_WARNINGS. See online help for details.
  c:\program files (x86)\windows kits\10\include\10.0.10240.0\ucrt\stdio.h(1769): note: see declaration of 'sprintf'
c:\users\jared\documents\visual studio 2015\projects\traceroute\traceroute\traceroute.cpp(673): warning C4996: 'inet_ntoa': Use inet_ntop() or InetNtop() instead or define _WINSOCK_DEPRECATED_NO_WARNINGS to disable deprecated API warnings
  c:\program files (x86)\windows kits\8.1\include\um\winsock2.h(1868): note: see declaration of 'inet_ntoa'
c:\users\jared\documents\visual studio 2015\projects\traceroute\traceroute\traceroute.cpp(732): warning C4477: 'printf' : format string '%s' requires an argument of type 'char *', but variadic argument 2 has type 'std::string'
c:\users\jared\documents\visual studio 2015\projects\traceroute\traceroute\traceroute.cpp(824): warning C4477: 'printf' : format string '%d' requires an argument of type 'int', but variadic argument 1 has type 'unsigned __int64'
  c:\users\jared\documents\visual studio 2015\projects\traceroute\traceroute\traceroute.cpp(824): note: consider using '%zd' in the format string
  Traceroute.vcxproj -> C:\Users\Jared\documents\visual studio 2015\Projects\Traceroute\x64\Debug\Traceroute.exe
  Traceroute.vcxproj -> C:\Users\Jared\documents\visual studio 2015\Projects\Traceroute\x64\Debug\Traceroute.pdb (Full PDB)
